0 info it worked if it ends with ok
1 verbose cli [ 'C:\\Program Files\\nodejs\\node.exe',
1 verbose cli   'C:\\Program Files\\nodejs\\node_modules\\npm\\bin\\npm-cli.js',
1 verbose cli   'run',
1 verbose cli   'server' ]
2 info using npm@4.0.5
3 info using node@v7.4.0
4 verbose run-script [ 'preserver', 'server', 'postserver' ]
5 info lifecycle web615_contactbook_frontend@1.0.0~preserver: web615_contactbook_frontend@1.0.0
6 silly lifecycle web615_contactbook_frontend@1.0.0~preserver: no script for preserver, continuing
7 info lifecycle web615_contactbook_frontend@1.0.0~server: web615_contactbook_frontend@1.0.0
8 verbose lifecycle web615_contactbook_frontend@1.0.0~server: unsafe-perm in lifecycle true
9 verbose lifecycle web615_contactbook_frontend@1.0.0~server: PATH: C:\Program Files\nodejs\node_modules\npm\bin\node-gyp-bin;C:\Users\WIN01\Desktop\asn 10\web615_contactbook_frontend-week12\node_modules\.bin;C:\Windows\system32;C:\Windows;C:\Windows\System32\Wbem;C:\Windows\System32\WindowsPowerShell\v1.0\;C:\Windows\system32\config\systemprofile\.dnx\bin;C:\Program Files\Microsoft DNX\Dnvm\;C:\Program Files\Microsoft SQL Server\130\Tools\Binn\;C:\Program Files\nodejs\;C:\php;C:\ProgramData\ComposerSetup\bin;C:\Ruby23\bin;C:\Users\WIN01\AppData\Local\Microsoft\WindowsApps;C:\Users\WIN01\AppData\Roaming\npm;C:\Program Files (x86)\Microsoft VS Code\bin;C:\Users\WIN01\AppData\Roaming\Composer\vendor\bin
10 verbose lifecycle web615_contactbook_frontend@1.0.0~server: CWD: C:\Users\WIN01\Desktop\asn 10\web615_contactbook_frontend-week12
11 silly lifecycle web615_contactbook_frontend@1.0.0~server: Args: [ '/d /s /c', 'webpack-dev-server --progress' ]
12 silly lifecycle web615_contactbook_frontend@1.0.0~server: Returned: code: 3221225786  signal: null
13 info lifecycle web615_contactbook_frontend@1.0.0~server: Failed to exec server script
14 verbose stack Error: web615_contactbook_frontend@1.0.0 server: `webpack-dev-server --progress`
14 verbose stack Exit status 3221225786
14 verbose stack     at EventEmitter.<anonymous> (C:\Program Files\nodejs\node_modules\npm\lib\utils\lifecycle.js:279:16)
14 verbose stack     at emitTwo (events.js:106:13)
14 verbose stack     at EventEmitter.emit (events.js:191:7)
14 verbose stack     at ChildProcess.<anonymous> (C:\Program Files\nodejs\node_modules\npm\lib\utils\spawn.js:40:14)
14 verbose stack     at emitTwo (events.js:106:13)
14 verbose stack     at ChildProcess.emit (events.js:191:7)
14 verbose stack     at maybeClose (internal/child_process.js:885:16)
14 verbose stack     at Process.ChildProcess._handle.onexit (internal/child_process.js:226:5)
15 verbose pkgid web615_contactbook_frontend@1.0.0
16 verbose cwd C:\Users\WIN01\Desktop\asn 10\web615_contactbook_frontend-week12
17 error Windows_NT 10.0.14393
18 error argv "C:\\Program Files\\nodejs\\node.exe" "C:\\Program Files\\nodejs\\node_modules\\npm\\bin\\npm-cli.js" "run" "server"
19 error node v7.4.0
20 error npm  v4.0.5
21 error code ELIFECYCLE
22 error web615_contactbook_frontend@1.0.0 server: `webpack-dev-server --progress`
22 error Exit status 3221225786
23 error Failed at the web615_contactbook_frontend@1.0.0 server script 'webpack-dev-server --progress'.
23 error Make sure you have the latest version of node.js and npm installed.
23 error If you do, this is most likely a problem with the web615_contactbook_frontend package,
23 error not with npm itself.
23 error Tell the author that this fails on your system:
23 error     webpack-dev-server --progress
23 error You can get information on how to open an issue for this project with:
23 error     npm bugs web615_contactbook_frontend
23 error Or if that isn't available, you can get their info via:
23 error     npm owner ls web615_contactbook_frontend
23 error There is likely additional logging output above.
24 verbose exit [ 1, true ]
