0 info it worked if it ends with ok
1 verbose cli [ '/usr/local/bin/node', '/usr/local/bin/npm', 'run', 'server' ]
2 info using npm@4.1.2
3 info using node@v6.9.5
4 verbose run-script [ 'preserver', 'server', 'postserver' ]
5 info lifecycle web615_heroebook_frontend@1.0.0~preserver: web615_heroebook_frontend@1.0.0
6 silly lifecycle web615_heroebook_frontend@1.0.0~preserver: no script for preserver, continuing
7 info lifecycle web615_heroebook_frontend@1.0.0~server: web615_heroebook_frontend@1.0.0
8 verbose lifecycle web615_heroebook_frontend@1.0.0~server: unsafe-perm in lifecycle true
9 verbose lifecycle web615_heroebook_frontend@1.0.0~server: PATH: /usr/local/lib/node_modules/npm/bin/node-gyp-bin:/Volumes/NO NAME/As10/node_modules/.bin:/opt/local/bin:/opt/local/sbin:/Users/user/.dnx/runtimes/dnx-mono.1.0.0-rc1-update2/bin:/Users/user/.dnx/bin:/usr/local/bin:/usr/bin:/bin:/usr/sbin:/sbin
10 verbose lifecycle web615_heroebook_frontend@1.0.0~server: CWD: /Volumes/NO NAME/As10
11 silly lifecycle web615_heroebook_frontend@1.0.0~server: Args: [ '-c', 'webpack-dev-server --progress' ]
12 info lifecycle web615_heroebook_frontend@1.0.0~server: Failed to exec server script
13 verbose stack Error: web615_heroebook_frontend@1.0.0 server: `webpack-dev-server --progress`
13 verbose stack spawn ENOENT
13 verbose stack     at ChildProcess.<anonymous> (/usr/local/lib/node_modules/npm/lib/utils/spawn.js:33:16)
13 verbose stack     at emitTwo (events.js:106:13)
13 verbose stack     at ChildProcess.emit (events.js:191:7)
13 verbose stack     at maybeClose (internal/child_process.js:877:16)
13 verbose stack     at Process.ChildProcess._handle.onexit (internal/child_process.js:226:5)
14 verbose pkgid web615_heroebook_frontend@1.0.0
15 verbose cwd /Volumes/NO NAME/As10/app
16 error Darwin 16.5.0
17 error argv "/usr/local/bin/node" "/usr/local/bin/npm" "run" "server"
18 error node v6.9.5
19 error npm  v4.1.2
20 error file sh
21 error code ELIFECYCLE
22 error errno ENOENT
23 error syscall spawn
24 error web615_heroebook_frontend@1.0.0 server: `webpack-dev-server --progress`
24 error spawn ENOENT
25 error Failed at the web615_heroebook_frontend@1.0.0 server script 'webpack-dev-server --progress'.
25 error Make sure you have the latest version of node.js and npm installed.
25 error If you do, this is most likely a problem with the web615_heroebook_frontend package,
25 error not with npm itself.
25 error Tell the author that this fails on your system:
25 error     webpack-dev-server --progress
25 error You can get information on how to open an issue for this project with:
25 error     npm bugs web615_heroebook_frontend
25 error Or if that isn't available, you can get their info via:
25 error     npm owner ls web615_heroebook_frontend
25 error There is likely additional logging output above.
26 verbose exit [ 1, true ]
